<?xml version="1.0" encoding="UTF-8"?>
<testng-results skipped="0" failed="0" ignored="0" total="1" passed="1">
  <reporter-output>
  </reporter-output>
  <suite name="Default suite" duration-ms="13073" started-at="2020-02-14T16:42:11 GMT" finished-at="2020-02-14T16:42:25 GMT">
    <groups>
    </groups>
    <test name="Default test" duration-ms="13073" started-at="2020-02-14T16:42:11 GMT" finished-at="2020-02-14T16:42:25 GMT">
      <class name="validateTitle">
        <test-method status="PASS" signature="initialise()[pri:0, instance:validateTitle@38102d01]" name="initialise" is-config="true" duration-ms="12335" started-at="2020-02-14T16:42:11 GMT" finished-at="2020-02-14T16:42:24 GMT">
          <reporter-output>
          </reporter-output>
        </test-method> <!-- initialise -->
        <test-method status="PASS" signature="basenavigation()[pri:0, instance:validateTitle@38102d01]" name="basenavigation" duration-ms="38" started-at="2020-02-14T16:42:24 GMT" finished-at="2020-02-14T16:42:24 GMT">
          <reporter-output>
          </reporter-output>
        </test-method> <!-- basenavigation -->
        <test-method status="PASS" signature="teardown()[pri:0, instance:validateTitle@38102d01]" name="teardown" is-config="true" duration-ms="572" started-at="2020-02-14T16:42:24 GMT" finished-at="2020-02-14T16:42:25 GMT">
          <reporter-output>
          </reporter-output>
        </test-method> <!-- teardown -->
      </class> <!-- validateTitle -->
    </test> <!-- Default test -->
  </suite> <!-- Default suite -->
</testng-results>
